<?xml version="1.0" encoding="UTF-8"?>
<!-- Generated by org.testng.reporters.JUnitReportReporter -->
<testsuite hostname="Debjyoti" failures="0" tests="5" name="testCases.TC_002LoginTestDDT" time="66.189" errors="0" timestamp="2025-08-07T02:26:34 IST" skipped="0">
  <testcase classname="testCases.TC_002LoginTestDDT" name="verifyLoginTestDDT" time="9.168"/>
  <testcase classname="testCases.TC_002LoginTestDDT" name="verifyLoginTestDDT" time="18.653"/>
  <testcase classname="testCases.TC_002LoginTestDDT" name="verifyLoginTestDDT" time="18.465"/>
  <testcase classname="testCases.TC_002LoginTestDDT" name="verifyLoginTestDDT" time="9.414"/>
  <testcase classname="testCases.TC_002LoginTestDDT" name="verifyLoginTestDDT" time="10.489"/>
</testsuite> <!-- testCases.TC_002LoginTestDDT -->
