<?xml version="1.0" encoding="UTF-8"?>
<!-- Generated by org.testng.reporters.JUnitReportReporter -->
<testsuite hostname="Debjyoti" failures="0" tests="5" name="testCases.TC_002LoginTestDDT" time="73.431" errors="0" timestamp="2025-08-10T13:31:21 IST" skipped="0">
  <testcase classname="testCases.TC_002LoginTestDDT" name="verifyLoginTestDDT" time="13.830"/>
  <testcase classname="testCases.TC_002LoginTestDDT" name="verifyLoginTestDDT" time="19.763"/>
  <testcase classname="testCases.TC_002LoginTestDDT" name="verifyLoginTestDDT" time="19.669"/>
  <testcase classname="testCases.TC_002LoginTestDDT" name="verifyLoginTestDDT" time="10.155"/>
  <testcase classname="testCases.TC_002LoginTestDDT" name="verifyLoginTestDDT" time="10.014"/>
</testsuite> <!-- testCases.TC_002LoginTestDDT -->
