<?xml version="1.0" encoding="UTF-8"?>
<!-- Generated by org.testng.reporters.JUnitReportReporter -->
<testsuite hostname="Debjyoti" failures="0" tests="5" name="testCases.TC_002LoginTestDDT" time="65.189" errors="0" timestamp="2025-08-07T00:28:41 IST" skipped="0">
  <testcase classname="testCases.TC_002LoginTestDDT" name="verifyLoginTestDDT" time="9.080"/>
  <testcase classname="testCases.TC_002LoginTestDDT" name="verifyLoginTestDDT" time="18.614"/>
  <testcase classname="testCases.TC_002LoginTestDDT" name="verifyLoginTestDDT" time="9.657"/>
  <testcase classname="testCases.TC_002LoginTestDDT" name="verifyLoginTestDDT" time="18.683"/>
  <testcase classname="testCases.TC_002LoginTestDDT" name="verifyLoginTestDDT" time="9.155"/>
</testsuite> <!-- testCases.TC_002LoginTestDDT -->
