<?xml version="1.0" encoding="UTF-8"?>
<!-- Generated by org.testng.reporters.JUnitReportReporter -->
<testsuite hostname="Debjyoti" failures="0" tests="2" name="testCases.TC_001AccountRegistration" time="12.702" errors="0" timestamp="2025-08-05T01:39:04 IST" skipped="0">
  <testcase classname="testCases.TC_001AccountRegistration" name="verify_Account_Registration" time="6.590"/>
  <testcase classname="testCases.TC_001AccountRegistration" name="verify_Account_Registration" time="6.112"/>
</testsuite> <!-- testCases.TC_001AccountRegistration -->
