<?xml version="1.0" encoding="UTF-8"?>
<!-- Generated by org.testng.reporters.JUnitReportReporter -->
<testsuite hostname="Debjyoti" failures="0" tests="1" name="testCases.TC_003LoginTest" time="8.947" errors="0" timestamp="2025-08-07T00:18:44 IST" skipped="0">
  <testcase classname="testCases.TC_003LoginTest" name="verifyLoginTest" time="8.947"/>
</testsuite> <!-- testCases.TC_003LoginTest -->
