<?xml version="1.0" encoding="UTF-8"?>
<!-- Generated by org.testng.reporters.JUnitReportReporter -->
<testsuite hostname="Debjyoti" failures="0" tests="1" name="testCases.TC_002LoginTest" time="9.519" errors="0" timestamp="2025-08-05T15:58:55 IST" skipped="0">
  <testcase classname="testCases.TC_002LoginTest" name="verifyLoginTest" time="9.519"/>
</testsuite> <!-- testCases.TC_002LoginTest -->
